<?xml version="1.0" encoding="UTF-8"?>
<!-- Generated by org.testng.reporters.JUnitReportReporter -->
<testsuite skipped="0" hostname="YH1002746DT" name="TestNg.ExceptionInTestng" tests="1" failures="0" timestamp="29 Aug 2017 07:34:23 GMT" time="0.010" errors="0">
  <testcase name="Test1" time="0.010" classname="TestNg.ExceptionInTestng"/>
</testsuite> <!-- TestNg.ExceptionInTestng -->
