<?xml version="1.0" encoding="UTF-8"?>
<!-- Generated by org.testng.reporters.JUnitReportReporter -->
<testsuite skipped="1" hostname="YH1002746DT" name="TestNg.SkipTestCase" tests="2" failures="0" timestamp="29 Aug 2017 07:10:40 GMT" time="0.011" errors="0">
  <testcase name="nonSkipTest" time="0.001" classname="TestNg.SkipTestCase"/>
  <testcase name="aSkipTest" time="0.010" classname="TestNg.SkipTestCase">
    <skipped/>
  </testcase> <!-- aSkipTest -->
</testsuite> <!-- TestNg.SkipTestCase -->
