<?xml version="1.0" encoding="UTF-8"?>
<!-- Generated by org.testng.reporters.JUnitReportReporter -->
<testsuite skipped="1" hostname="YH1002746DT" name="TestNg.BasicAnnotation" tests="2" failures="0" timestamp="29 Aug 2017 06:55:42 GMT" time="0.005" errors="0">
  <testcase name="FirstTest" time="0.005" classname="TestNg.BasicAnnotation"/>
  <testcase name="SeconTestCase" classname="TestNg.BasicAnnotation">
    <skipped/>
  </testcase> <!-- SeconTestCase -->
</testsuite> <!-- TestNg.BasicAnnotation -->
